2017/03/01 12:38:08 INFO  - jmeter.util.JMeterUtils: Setting Locale to en_US 
2017/03/01 12:38:08 INFO  - jmeter.JMeter: Loading user properties from: /Users/dmytro.pavlikovskiy/git/frontcache/scripts/jmeter/apache-jmeter-3.1/bin/user.properties 
2017/03/01 12:38:08 INFO  - jmeter.JMeter: Loading system properties from: /Users/dmytro.pavlikovskiy/git/frontcache/scripts/jmeter/apache-jmeter-3.1/bin/system.properties 
2017/03/01 12:38:08 INFO  - jmeter.JMeter: Copyright (c) 1998-2016 The Apache Software Foundation 
2017/03/01 12:38:08 INFO  - jmeter.JMeter: Version 3.1 r1770033 
2017/03/01 12:38:08 INFO  - jmeter.JMeter: java.version=1.8.0_60 
2017/03/01 12:38:08 INFO  - jmeter.JMeter: java.vm.name=Java HotSpot(TM) 64-Bit Server VM 
2017/03/01 12:38:08 INFO  - jmeter.JMeter: os.name=Mac OS X 
2017/03/01 12:38:08 INFO  - jmeter.JMeter: os.arch=x86_64 
2017/03/01 12:38:08 INFO  - jmeter.JMeter: os.version=10.11.6 
2017/03/01 12:38:08 INFO  - jmeter.JMeter: file.encoding=UTF-8 
2017/03/01 12:38:08 INFO  - jmeter.JMeter: Max memory     =514850816 
2017/03/01 12:38:08 INFO  - jmeter.JMeter: Available Processors =8 
2017/03/01 12:38:08 INFO  - jmeter.JMeter: Default Locale=English (United States) 
2017/03/01 12:38:08 INFO  - jmeter.JMeter: JMeter  Locale=English (United States) 
2017/03/01 12:38:08 INFO  - jmeter.JMeter: JMeterHome=/Users/dmytro.pavlikovskiy/git/frontcache/scripts/jmeter/apache-jmeter-3.1 
2017/03/01 12:38:08 INFO  - jmeter.JMeter: user.dir  =/Users/dmytro.pavlikovskiy/git/frontcache/scripts/jmeter/apache-jmeter-3.1/bin 
2017/03/01 12:38:08 INFO  - jmeter.JMeter: PWD       =/Users/dmytro.pavlikovskiy/git/frontcache/scripts/jmeter/apache-jmeter-3.1/bin 
2017/03/01 12:38:08 INFO  - jmeter.JMeter: IP: 10.7.103.114 Name: BBK8504.local FullName: 10.7.103.114 
2017/03/01 12:38:08 INFO  - jmeter.services.FileServer: Default base='/Users/dmytro.pavlikovskiy/git/frontcache/scripts/jmeter/apache-jmeter-3.1/bin' 
2017/03/01 12:38:08 INFO  - jmeter.services.FileServer: Set new base='/Users/dmytro.pavlikovskiy/git/frontcache/scripts/jmeter/apache-jmeter-3.1/bin/../scripts' 
2017/03/01 12:38:08 INFO  - jmeter.save.SaveService: Testplan (JMX) version: 2.2. Testlog (JTL) version: 2.2 
2017/03/01 12:38:08 INFO  - jmeter.save.SaveService: Using SaveService properties file encoding UTF-8 
2017/03/01 12:38:08 INFO  - jmeter.save.SaveService: Using SaveService properties version 3.1 
2017/03/01 12:38:08 INFO  - jmeter.save.SaveService: All converter versions present and correct 
2017/03/01 12:38:08 INFO  - jmeter.save.SaveService: Loading file: ../scripts/SiteMapTest.jmx 
2017/03/01 12:38:08 INFO  - jmeter.protocol.http.sampler.HTTPSamplerBase: Parser for text/html is org.apache.jmeter.protocol.http.parser.LagartoBasedHtmlParser 
2017/03/01 12:38:08 INFO  - jmeter.protocol.http.sampler.HTTPSamplerBase: Parser for application/xhtml+xml is org.apache.jmeter.protocol.http.parser.LagartoBasedHtmlParser 
2017/03/01 12:38:08 INFO  - jmeter.protocol.http.sampler.HTTPSamplerBase: Parser for application/xml is org.apache.jmeter.protocol.http.parser.LagartoBasedHtmlParser 
2017/03/01 12:38:08 INFO  - jmeter.protocol.http.sampler.HTTPSamplerBase: Parser for text/xml is org.apache.jmeter.protocol.http.parser.LagartoBasedHtmlParser 
2017/03/01 12:38:08 INFO  - jmeter.protocol.http.sampler.HTTPSamplerBase: Parser for text/vnd.wap.wml is org.apache.jmeter.protocol.http.parser.RegexpHTMLParser 
2017/03/01 12:38:08 INFO  - jmeter.protocol.http.sampler.HTTPSamplerBase: Parser for text/css is org.apache.jmeter.protocol.http.parser.CssParser 
2017/03/01 12:38:08 INFO  - jmeter.JMeter: Creating summariser <summary> 
2017/03/01 12:38:08 INFO  - jmeter.engine.StandardJMeterEngine: Running the test! 
2017/03/01 12:38:08 INFO  - jmeter.samplers.SampleEvent: List of sample_variables: [] 
2017/03/01 12:38:08 INFO  - jmeter.samplers.SampleEvent: List of sample_variables: [] 
2017/03/01 12:38:08 INFO  - jmeter.engine.util.CompoundVariable: Note: Function class names must contain the string: '.functions.' 
2017/03/01 12:38:08 INFO  - jmeter.engine.util.CompoundVariable: Note: Function class names must not contain the string: '.gui.' 
2017/03/01 12:38:08 INFO  - jmeter.JMeter: Running test (1488397088879) 
2017/03/01 12:38:08 INFO  - jmeter.engine.StandardJMeterEngine: Starting ThreadGroup: 1 : Thread Group 
2017/03/01 12:38:08 INFO  - jmeter.engine.StandardJMeterEngine: Starting 1 threads for group Thread Group. 
2017/03/01 12:38:08 INFO  - jmeter.engine.StandardJMeterEngine: Thread will continue on error 
2017/03/01 12:38:08 INFO  - jmeter.threads.ThreadGroup: Starting thread group number 1 threads 1 ramp-up 1 perThread 1000.0 delayedStart=false 
2017/03/01 12:38:08 INFO  - jmeter.threads.ThreadGroup: Started thread group number 1 
2017/03/01 12:38:08 INFO  - jmeter.engine.StandardJMeterEngine: All thread groups have been started 
2017/03/01 12:38:09 INFO  - jmeter.threads.JMeterThread: Thread started: Thread Group 1-1 
2017/03/01 12:38:09 INFO  - jmeter.services.FileServer: Stored: /Users/dmytro.pavlikovskiy/git/frontcache/scripts/jmeter/apache-jmeter-3.1/scripts/url-list.txt 
2017/03/01 12:38:09 INFO  - jmeter.protocol.http.sampler.HTTPHCAbstractImpl: Local host = BBK8504.local 
2017/03/01 12:38:09 INFO  - jmeter.protocol.http.sampler.HTTPHC4Impl: HTTP request retry count = 0 
2017/03/01 12:38:09 INFO  - jmeter.samplers.SampleResult: Note: Sample TimeStamps are START times 
2017/03/01 12:38:09 INFO  - jmeter.samplers.SampleResult: sampleresult.default.encoding is set to ISO-8859-1 
2017/03/01 12:38:09 INFO  - jmeter.samplers.SampleResult: sampleresult.useNanoTime=true 
2017/03/01 12:38:09 INFO  - jmeter.samplers.SampleResult: sampleresult.nanoThreadSleep=5000 
2017/03/01 12:38:12 INFO  - jmeter.threads.JMeterThread: Stop Thread seen for thread Thread Group 1-1, reason:org.apache.jorphan.util.JMeterStopThreadException: End of file:/Users/dmytro.pavlikovskiy/git/frontcache/scripts/jmeter/apache-jmeter-3.1/scripts/url-list.txt detected for CSV DataSet:CSV Load urls configured with stopThread:true, recycle:false 
2017/03/01 12:38:12 INFO  - jmeter.threads.JMeterThread: Thread finished: Thread Group 1-1 
2017/03/01 12:38:12 INFO  - jmeter.engine.StandardJMeterEngine: Notifying test listeners of end of test 
2017/03/01 12:38:12 INFO  - jmeter.services.FileServer: Close: /Users/dmytro.pavlikovskiy/git/frontcache/scripts/jmeter/apache-jmeter-3.1/scripts/url-list.txt 
2017/03/01 12:38:12 INFO  - jmeter.reporters.Summariser: summary =     54 in 00:00:03 =   15.5/s Avg:    59 Min:     0 Max:   423 Err:     1 (1.85%) 
